{"err":{"operationTime":"6889693619473612804","ok":0,"code":26,"codeName":"NamespaceNotFound","$clusterTime":{"clusterTime":"6889693619473612804","signature":{"hash":"cM9XBhhUfFbQefEy3SeDXBwoPIQ=","keyId":"6886070410832510979"}},"name":"MongoError"},"level":"error","message":"ns not found"}
{"err":{"operationTime":"6889693619473612804","ok":0,"code":26,"codeName":"NamespaceNotFound","$clusterTime":{"clusterTime":"6889693619473612804","signature":{"hash":"cM9XBhhUfFbQefEy3SeDXBwoPIQ=","keyId":"6886070410832510979"}},"name":"MongoError"},"level":"error","message":"ns not found"}
{"message":{"method":"POST","url":"/login","params":{},"query":{},"body":{"login":"admin","password":"string"}},"level":"info"}
{"message":{"method":"POST","url":"/login","params":{},"query":{},"body":{"login":"admin","password":"string"}},"level":"info"}
{"message":{"method":"POST","url":"/login","params":{},"query":{},"body":{"login":"admin1","password":"string"}},"level":"info"}
{"message":{"method":"POST","url":"/login","params":{},"query":{},"body":{"login":"admin1","password":"string"}},"level":"info"}
{"message":{"method":"POST","url":"/login","params":{},"query":{},"body":{"login":"admin","password":"string"}},"level":"info"}
{"message":{"method":"POST","url":"/login","params":{},"query":{},"body":{"login":"admin","password":"string"}},"level":"info"}
{"message":{"method":"POST","url":"/login","params":{},"query":{},"body":{"login":"admin","password":"string"}},"level":"info"}
{"err":{},"level":"error","message":"req is not defined"}
{"err":{},"level":"error","message":"req is not defined"}
{"message":{"method":"POST","url":"/login","params":{},"query":{},"body":{"login":"admin","password":"string"}},"level":"info"}
{"err":{},"level":"error","message":"req is not defined"}
{"err":{},"level":"error","message":"req is not defined"}
{"message":{"method":"POST","url":"/login","params":{},"query":{},"body":{"login":"admin","password":"string"}},"level":"info"}
{"err":{},"level":"error","message":"req is not defined"}
{"err":{},"level":"error","message":"req is not defined"}
{"message":{"method":"POST","url":"/login","params":{},"query":{},"body":{"login":"admin","password":"string"}},"level":"info"}
{"message":{"method":"POST","url":"/login","params":{},"query":{},"body":{"login":"admin","password":"string"}},"level":"info"}
{"message":{"method":"POST","url":"/login","params":{},"query":{},"body":{"login":"admin","password":"admin"}},"level":"info"}
{"message":{"method":"POST","url":"/login","params":{},"query":{},"body":{"login":"admin","password":"admin"}},"level":"info"}
{"message":{"method":"POST","url":"/login","params":{},"query":{},"body":{"login":"admin","password":"admin"}},"level":"info"}
{"message":{"method":"POST","url":"/login","params":{},"query":{},"body":{"login":"admin","password":"admin"}},"level":"info"}
{"message":{"method":"POST","url":"/login","params":{},"query":{},"body":{"login":"admin","password":"admin"}},"level":"info"}
{"message":{"method":"POST","url":"/login","params":{},"query":{},"body":{"login":"admin","password":"admin"}},"level":"info"}
{"message":{"method":"POST","url":"/login","params":{},"query":{},"body":{"login":"admin","password":"admin"}},"level":"info"}
{"message":{"method":"POST","url":"/login","params":{},"query":{},"body":{"login":"admin","password":"admin"}},"level":"info"}
{"message":{"method":"POST","url":"/login","params":{},"query":{},"body":{"login":"admin","password":"admin"}},"level":"info"}
{"message":{"method":"POST","url":"/login","params":{},"query":{},"body":{"login":"admin","password":"admin"}},"level":"info"}
{"message":{"method":"POST","url":"/login","params":{},"query":{},"body":{"login":"admin","password":"admin"}},"level":"info"}
{"err":{},"level":"error","message":"resolve is not defined"}
{"err":{},"level":"error","message":"resolve is not defined"}
{"message":{"method":"POST","url":"/login","params":{},"query":{},"body":{"login":"admin","password":"admin"}},"level":"info"}
{"message":{"method":"POST","url":"/login","params":{},"query":{},"body":{"login":"admin","password":"admin"}},"level":"info"}
{"message":{"method":"POST","url":"/login","params":{},"query":{},"body":{"login":"admin","password":"admin"}},"level":"info"}
{"message":{"method":"POST","url":"/login","params":{},"query":{},"body":{"login":"admin","password":"admin"}},"level":"info"}
{"err":{},"level":"error","message":"Promise.resolve is not a constructor"}
{"err":{},"level":"error","message":"Promise.resolve is not a constructor"}
{"message":{"method":"POST","url":"/login","params":{},"query":{},"body":{"login":"admin","password":"admin"}},"level":"info"}
{"message":{"method":"POST","url":"/login","params":{},"query":{},"body":{"login":"admin","password":"admin"}},"level":"info"}
{"err":{},"level":"error","message":"bcrypt is not defined"}
{"err":{},"level":"error","message":"bcrypt is not defined"}
{"message":{"method":"POST","url":"/login","params":{},"query":{},"body":{"login":"admin","password":"admin"}},"level":"info"}
{"message":{"method":"POST","url":"/login","params":{},"query":{},"body":{"login":"admin","password":"admin"}},"level":"info"}
{"message":{"method":"POST","url":"/login","params":{},"query":{},"body":{"login":"admin","password":"admin"}},"level":"info"}
{"message":{"method":"POST","url":"/login","params":{},"query":{},"body":{"login":"admin","password":"admin"}},"level":"info"}
{"message":{"method":"POST","url":"/login","params":{},"query":{},"body":{"login":"admin","password":"admin"}},"level":"info"}
{"message":{"method":"POST","url":"/login","params":{},"query":{},"body":{"login":"admin","password":"admin2"}},"level":"info"}
{"message":{"method":"POST","url":"/login","params":{},"query":{},"body":{"login":"admin","password":"admin2"}},"level":"info"}
{"message":{"method":"POST","url":"/login","params":{},"query":{},"body":{"login":"admin","password":"admin2"}},"level":"info"}
{"message":{"method":"POST","url":"/login","params":{},"query":{},"body":{"login":"admin","password":"admin2"}},"level":"info"}
{"message":{"method":"POST","url":"/login","params":{},"query":{},"body":{"login":"admin","password":"admin"}},"level":"info"}
{"message":{"method":"POST","url":"/login","params":{},"query":{},"body":{"login":"admin","password":"admin"}},"level":"info"}
{"message":{"method":"POST","url":"/login","params":{},"query":{},"body":{"login":"admin","password":"admin"}},"level":"info"}
{"message":{"method":"POST","url":"/login","params":{},"query":{},"body":{"login":"admin","password":"admin"}},"level":"info"}
{"message":{"method":"POST","url":"/login","params":{},"query":{},"body":{"login":"admin","password":"admin"}},"level":"info"}
{"message":{"method":"POST","url":"/login","params":{},"query":{},"body":{"login":"admin","password":"admin"}},"level":"info"}
{"message":{"method":"POST","url":"/login","params":{},"query":{},"body":{"login":"admin","password":"admin"}},"level":"info"}
{"message":{"method":"POST","url":"/login","params":{},"query":{},"body":{"login":"admin","password":"admin"}},"level":"info"}
{"message":{"method":"POST","url":"/login","params":{},"query":{},"body":{"login":"admin","password":"admin"}},"level":"info"}
{"message":{"method":"POST","url":"/login","params":{},"query":{},"body":{"login":"admin","password":"admin"}},"level":"info"}
{"message":{"method":"POST","url":"/login","params":{},"query":{},"body":{"login":"admin","password":"admin"}},"level":"info"}
{"message":{"method":"POST","url":"/login","params":{},"query":{},"body":{"login":"admin","password":"admin2"}},"level":"info"}
{"message":{"method":"POST","url":"/login","params":{},"query":{},"body":{"login":"admin","password":"admin2"}},"level":"info"}
{"message":{"method":"POST","url":"/login","params":{},"query":{},"body":{"login":"admin","password":"admin2"}},"level":"info"}
{"message":{"method":"POST","url":"/login","params":{},"query":{},"body":{"login":"admin","password":"admin2"}},"level":"info"}
{"message":{"method":"POST","url":"/login","params":{},"query":{},"body":{"login":"admin","password":"admin2"}},"level":"info"}
{"message":{"method":"POST","url":"/login","params":{},"query":{},"body":{"login":"admin","password":"admin2"}},"level":"info"}
{"message":{"method":"POST","url":"/login","params":{},"query":{},"body":{"login":"admin","password":"admin2"}},"level":"info"}
{"message":{"method":"POST","url":"/login","params":{},"query":{},"body":{"login":"admin","password":"admin2"}},"level":"info"}
{"message":{"method":"POST","url":"/login","params":{},"query":{},"body":{"login":"admin","password":"admin2"}},"level":"info"}
{"message":{"method":"POST","url":"/login","params":{},"query":{},"body":{"login":"admin","password":"admin2"}},"level":"info"}
{"message":{"method":"POST","url":"/login","params":{},"query":{},"body":{"login":"admin","password":"admin2"}},"level":"info"}
{"message":{"method":"POST","url":"/login","params":{},"query":{},"body":{"login":"admin","password":"admin2"}},"level":"info"}
{"message":{"method":"POST","url":"/login","params":{},"query":{},"body":{"login":"admin","password":"admin2"}},"level":"info"}
{"message":{"method":"POST","url":"/login","params":{},"query":{},"body":{"login":"admin","password":"admin"}},"level":"info"}
{"message":{"method":"POST","url":"/login","params":{},"query":{},"body":{"login":"admin","password":"admin"}},"level":"info"}
{"message":{"method":"POST","url":"/login","params":{},"query":{},"body":{"login":"admin","password":"admin"}},"level":"info"}
{"message":{"method":"POST","url":"/login","params":{},"query":{},"body":{"login":"admin","password":"admin"}},"level":"info"}
{"message":{"method":"POST","url":"/login","params":{},"query":{},"body":{"login":"admin","password":"admin"}},"level":"info"}
{"message":{"method":"POST","url":"/login","params":{},"query":{},"body":{"login":"admin","password":"admin"}},"level":"info"}
{"message":{"method":"POST","url":"/login","params":{},"query":{},"body":{"login":"admin","password":"admin"}},"level":"info"}
{"message":{"method":"POST","url":"/login","params":{},"query":{},"body":{"login":"admin","password":"admin2"}},"level":"info"}
{"message":{"method":"POST","url":"/login","params":{},"query":{},"body":{"login":"admin","password":"admin2"}},"level":"info"}
{"message":{"method":"POST","url":"/login","params":{},"query":{},"body":{"login":"admin","password":"admin2"}},"level":"info"}
{"message":{"method":"POST","url":"/login","params":{},"query":{},"body":{"login":"admin","password":"admin2"}},"level":"info"}
{"message":{"method":"POST","url":"/login","params":{},"query":{},"body":{"login":"admin","password":"admin"}},"level":"info"}
{"message":{"method":"POST","url":"/login","params":{},"query":{},"body":{"login":"admin","password":"admin"}},"level":"info"}
{"message":{"method":"POST","url":"/login","params":{},"query":{},"body":{"login":"admin","password":"admin"}},"level":"info"}
{"message":{"method":"POST","url":"/login","params":{},"query":{},"body":{"login":"admin","password":"admin2"}},"level":"info"}
{"message":{"method":"POST","url":"/login","params":{},"query":{},"body":{"login":"admin","password":"admin2"}},"level":"info"}
{"err":{},"level":"error","message":"Cannot read property 'compare' of undefined"}
{"err":{},"level":"error","message":"Cannot read property 'compare' of undefined"}
{"message":{"method":"POST","url":"/login","params":{},"query":{},"body":{"login":"admin","password":"admin"}},"level":"info"}
{"err":{},"level":"error","message":"Cannot read property 'compare' of undefined"}
{"err":{},"level":"error","message":"Cannot read property 'compare' of undefined"}
{"message":{"method":"POST","url":"/login","params":{},"query":{},"body":{"login":"admin","password":"admin"}},"level":"info"}
{"err":{},"level":"error","message":"Cannot read property 'compare' of undefined"}
{"err":{},"level":"error","message":"Cannot read property 'compare' of undefined"}
{"message":{"method":"POST","url":"/login","params":{},"query":{},"body":{"login":"admin","password":"admin"}},"level":"info"}
{"err":{},"level":"error","message":"Cannot read property 'compare' of undefined"}
{"err":{},"level":"error","message":"Cannot read property 'compare' of undefined"}
{"message":{"method":"POST","url":"/login","params":{},"query":{},"body":{"login":"admin","password":"admin"}},"level":"info"}
{"err":{},"level":"error","message":"Cannot read property 'compare' of undefined"}
{"err":{},"level":"error","message":"Cannot read property 'compare' of undefined"}
{"message":{"method":"POST","url":"/login","params":{},"query":{},"body":{"login":"admin","password":"admin"}},"level":"info"}
{"err":{},"level":"error","message":"Cannot read property 'compare' of undefined"}
{"err":{},"level":"error","message":"Cannot read property 'compare' of undefined"}
{"message":{"method":"POST","url":"/login","params":{},"query":{},"body":{"login":"admin","password":"admin"}},"level":"info"}
{"err":{},"level":"error","message":"Cannot read property 'compare' of undefined"}
{"err":{},"level":"error","message":"Cannot read property 'compare' of undefined"}
{"message":{"method":"POST","url":"/login","params":{},"query":{},"body":{"login":"admin","password":"admin"}},"level":"info"}
{"message":{"method":"POST","url":"/login","params":{},"query":{},"body":{"login":"admin","password":"admin"}},"level":"info"}
{"message":{"method":"POST","url":"/login","params":{},"query":{},"body":{"login":"admin","password":"admin"}},"level":"info"}
{"err":{},"level":"error","message":"Cannot read property 'compare' of undefined"}
{"err":{},"level":"error","message":"Cannot read property 'compare' of undefined"}
{"message":{"method":"POST","url":"/login","params":{},"query":{},"body":{"login":"admin","password":"admin"}},"level":"info"}
{"err":{},"level":"error","message":"Cannot read property 'compare' of undefined"}
{"err":{},"level":"error","message":"Cannot read property 'compare' of undefined"}
{"message":{"method":"POST","url":"/login","params":{},"query":{},"body":{"login":"admin","password":"admin"}},"level":"info"}
{"message":{"method":"POST","url":"/login","params":{},"query":{},"body":{"login":"string","password":"string"}},"level":"info"}
{"message":{"method":"POST","url":"/login","params":{},"query":{},"body":{"login":"string","password":"string"}},"level":"info"}
{"message":{"method":"POST","url":"/login","params":{},"query":{},"body":{"login":"admin","password":"admin"}},"level":"info"}
{"message":{"method":"POST","url":"/login","params":{},"query":{},"body":{"login":"admin","password":"4"}},"level":"info"}
{"message":{"method":"POST","url":"/login","params":{},"query":{},"body":{"login":"admin","password":"4"}},"level":"info"}
{"message":{"method":"POST","url":"/login","params":{},"query":{},"body":{"login":"admin","password":"4"}},"level":"info"}
{"message":{"method":"POST","url":"/login","params":{},"query":{},"body":{"login":"admin","password":"4"}},"level":"info"}
{"message":{"method":"POST","url":"/login","params":{},"query":{},"body":{"login":"admin","password":"admin"}},"level":"info"}
{"message":{"method":"POST","url":"/login","params":{},"query":{},"body":{"login":"admin","password":"admin"}},"level":"info"}
{"message":{"method":"POST","url":"/login","params":{},"query":{},"body":{"login":"admin","password":"admin"}},"level":"info"}
{"message":{"method":"POST","url":"/login","params":{},"query":{},"body":{"login":"admin","password":"admin"}},"level":"info"}
{"message":{"method":"POST","url":"/login","params":{},"query":{},"body":{"login":"admin","password":"admin3"}},"level":"info"}
{"message":{"method":"POST","url":"/login","params":{},"query":{},"body":{"login":"admin","password":"admin3"}},"level":"info"}
{"message":{"method":"POST","url":"/login","params":{},"query":{},"body":{"login":"admin","password":"admin3"}},"level":"info"}
{"message":{"method":"POST","url":"/login","params":{},"query":{},"body":{"login":"admin","password":"admin3"}},"level":"info"}
{"message":{"method":"POST","url":"/login","params":{},"query":{},"body":{"login":"admin","password":"admin3"}},"level":"info"}
{"message":{"method":"POST","url":"/login","params":{},"query":{},"body":{"login":"admin","password":"admin"}},"level":"info"}
{"message":{"method":"POST","url":"/login","params":{},"query":{},"body":{"login":"admin","password":"admin"}},"level":"info"}
{"message":{"method":"POST","url":"/login","params":{},"query":{},"body":{"login":"admin","password":"admin3"}},"level":"info"}
{"message":{"method":"POST","url":"/login","params":{},"query":{},"body":{"login":"admin","password":"admin3"}},"level":"info"}
{"message":{"method":"POST","url":"/login","params":{},"query":{},"body":{"login":"admin","password":"admin3"}},"level":"info"}
{"message":{"method":"POST","url":"/login","params":{},"query":{},"body":{"login":"admin","password":"admin"}},"level":"info"}
{"message":{"method":"POST","url":"/login","params":{},"query":{},"body":{"login":"admin","password":"admin"}},"level":"info"}
{"message":{"method":"POST","url":"/login","params":{},"query":{},"body":{"login":"admin","password":"admin3"}},"level":"info"}
{"message":{"method":"POST","url":"/login","params":{},"query":{},"body":{"login":"admin","password":"admin3"}},"level":"info"}
{"message":{"method":"POST","url":"/login","params":{},"query":{},"body":{"login":"admin","password":"admin3"}},"level":"info"}
{"message":{"method":"POST","url":"/login","params":{},"query":{},"body":{"login":"admin","password":"admin"}},"level":"info"}
{"message":{"method":"POST","url":"/login","params":{},"query":{},"body":{"login":"admin","password":"admin"}},"level":"info"}
{"message":{"method":"POST","url":"/login","params":{},"query":{},"body":{"login":"admin","password":"admin"}},"level":"info"}
{"message":{"method":"POST","url":"/login","params":{},"query":{},"body":{"login":"admin","password":"admin"}},"level":"info"}
{"message":{"method":"POST","url":"/login","params":{},"query":{},"body":{"login":"admin","password":"admin3"}},"level":"info"}
{"message":{"method":"POST","url":"/login","params":{},"query":{},"body":{"login":"admin3","password":"admin3"}},"level":"info"}
{"message":{"method":"POST","url":"/login","params":{},"query":{},"body":{"login":"admin3","password":"admin3"}},"level":"info"}
{"message":{"method":"POST","url":"/login","params":{},"query":{},"body":{"login":"admin","password":"admin3"}},"level":"info"}
{"message":{"method":"POST","url":"/login","params":{},"query":{},"body":{"login":"admin","password":"admin"}},"level":"info"}
{"message":{"method":"POST","url":"/login","params":{},"query":{},"body":{"login":"admin","password":"admin"}},"level":"info"}
{"message":{"method":"GET","url":"/users","params":{},"query":{},"body":{}},"level":"info"}
{"message":{"method":"GET","url":"/boards/12345/tasks","params":{},"query":{},"body":{}},"level":"info"}
{"message":{"method":"GET","url":"/boards","params":{},"query":{},"body":{}},"level":"info"}
{"message":{"method":"POST","url":"/login","params":{},"query":{},"body":{"login":"admin","password":"admin"}},"level":"info"}
{"message":{"method":"POST","url":"/login","params":{},"query":{},"body":{"login":"admin","password":"admin"}},"level":"info"}
{"message":{"method":"GET","url":"/users/123","params":{},"query":{},"body":{}},"level":"info"}
{"message":{"method":"GET","url":"/boards/12345/tasks/12345","params":{},"query":{},"body":{}},"level":"info"}
{"message":{"method":"GET","url":"/boards/12345","params":{},"query":{},"body":{}},"level":"info"}
{"message":{"method":"GET","url":"/users","params":{},"query":{},"body":{}},"level":"info"}
{"message":{"method":"POST","url":"/boards","params":{},"query":{},"body":{"title":"Autotest board","columns":[{"title":"Backlog","order":1},{"title":"Sprint","order":2}]}},"level":"info"}
{"message":{"method":"POST","url":"/users","params":{},"query":{},"body":{"name":"TEST_USER","login":"test_user","password":"T35t_P@55w0rd"}},"level":"info"}
{"message":{"method":"POST","url":"/boards/12345/tasks","params":{},"query":{},"body":{"title":"Autotest task","order":0,"description":"Lorem ipsum","userId":null,"boardId":null,"columnId":null}},"level":"info"}
{"message":{"method":"POST","url":"/boards","params":{},"query":{},"body":{"title":"Autotest board","columns":[{"title":"Backlog","order":1},{"title":"Sprint","order":2}]}},"level":"info"}
{"message":{"method":"POST","url":"/boards","params":{},"query":{},"body":{"title":"Autotest board","columns":[{"title":"Backlog","order":1},{"title":"Sprint","order":2}]}},"level":"info"}
{"message":{"method":"GET","url":"/boards","params":{},"query":{},"body":{}},"level":"info"}
{"message":{"method":"POST","url":"/users","params":{},"query":{},"body":{"name":"TEST_USER","login":"test_user","password":"T35t_P@55w0rd"}},"level":"info"}
{"message":{"method":"PUT","url":"/boards/12345/tasks/12345","params":{},"query":{},"body":{"title":"Autotest task","order":0,"description":"Lorem ipsum","userId":null,"boardId":null,"columnId":null}},"level":"info"}
{"message":{"method":"PUT","url":"/boards/12345","params":{},"query":{},"body":{"title":"Autotest board","columns":[{"title":"Backlog","order":1},{"title":"Sprint","order":2}]}},"level":"info"}
{"message":{"method":"POST","url":"/boards/51d0cd01-94e6-4120-805c-f90333357981/tasks","params":{},"query":{},"body":{"title":"Autotest task","order":0,"description":"Lorem ipsum","userId":null,"boardId":null,"columnId":null}},"level":"info"}
{"message":{"method":"PUT","url":"/users/12345","params":{},"query":{},"body":{"name":"TEST_USER","login":"test_user","password":"T35t_P@55w0rd"}},"level":"info"}
{"message":{"method":"DELETE","url":"/boards/12345/tasks/12345","params":{},"query":{},"body":{}},"level":"info"}
{"message":{"method":"GET","url":"/boards/51d0cd01-94e6-4120-805c-f90333357981/tasks","params":{},"query":{},"body":{}},"level":"info"}
{"message":{"method":"DELETE","url":"/boards/12345","params":{},"query":{},"body":{}},"level":"info"}
{"message":{"method":"GET","url":"/boards","params":{},"query":{},"body":{}},"level":"info"}
{"message":{"method":"DELETE","url":"/users/12345","params":{},"query":{},"body":{}},"level":"info"}
{"message":{"method":"GET","url":"/users/af0e64ed-c86e-4f14-a099-efa6c4fd371f","params":{},"query":{},"body":{}},"level":"info"}
{"message":{"method":"GET","url":"/boards/62c5f5ca-b0ec-48cd-b076-8cab0a44bae3","params":{},"query":{},"body":{}},"level":"info"}
{"message":{"method":"GET","url":"/boards/51d0cd01-94e6-4120-805c-f90333357981/tasks","params":{},"query":{},"body":{}},"level":"info"}
{"message":{"method":"DELETE","url":"/users/af0e64ed-c86e-4f14-a099-efa6c4fd371f","params":{},"query":{},"body":{}},"level":"info"}
{"message":{"method":"POST","url":"/boards","params":{},"query":{},"body":{"title":"Autotest board","columns":[{"title":"Backlog","order":1},{"title":"Sprint","order":2}]}},"level":"info"}
{"message":{"method":"GET","url":"/boards/51d0cd01-94e6-4120-805c-f90333357981/tasks/5ecda536-57fe-4153-9852-60e26b9f4f90","params":{},"query":{},"body":{}},"level":"info"}
{"message":{"method":"DELETE","url":"/boards/66b0c42f-3954-49f2-b78f-3ba611bb221e","params":{},"query":{},"body":{}},"level":"info"}
{"message":{"method":"POST","url":"/users","params":{},"query":{},"body":{"name":"TEST_USER","login":"test_user","password":"T35t_P@55w0rd"}},"level":"info"}
{"message":{"method":"POST","url":"/boards","params":{},"query":{},"body":{"title":"Autotest board","columns":[{"title":"Backlog","order":1},{"title":"Sprint","order":2}]}},"level":"info"}
{"message":{"method":"DELETE","url":"/users/39b7f28d-08ce-4f0e-997a-31d0930e4421","params":{},"query":{},"body":{}},"level":"info"}
{"message":{"method":"POST","url":"/boards/51d0cd01-94e6-4120-805c-f90333357981/tasks","params":{},"query":{},"body":{"title":"Autotest task","order":0,"description":"Lorem ipsum","userId":null,"boardId":null,"columnId":null}},"level":"info"}
{"message":{"method":"PUT","url":"/boards/5d46d09f-03fc-4f27-9e06-382855bcb857","params":{},"query":{},"body":{"id":"5d46d09f-03fc-4f27-9e06-382855bcb857","title":"Autotest updated board","columns":[{"title":"Backlog","order":1},{"title":"Sprint","order":2}]}},"level":"info"}
{"message":{"method":"DELETE","url":"/boards/51d0cd01-94e6-4120-805c-f90333357981/tasks/ee8d3259-eb03-4e5b-a8ee-513f3549c7d2","params":{},"query":{},"body":{}},"level":"info"}
{"message":{"method":"POST","url":"/users","params":{},"query":{},"body":{"name":"TEST_USER","login":"test_user","password":"T35t_P@55w0rd"}},"level":"info"}
{"message":{"method":"GET","url":"/boards/5d46d09f-03fc-4f27-9e06-382855bcb857","params":{},"query":{},"body":{}},"level":"info"}
{"message":{"method":"DELETE","url":"/boards/5d46d09f-03fc-4f27-9e06-382855bcb857","params":{},"query":{},"body":{}},"level":"info"}
{"message":{"method":"POST","url":"/boards/51d0cd01-94e6-4120-805c-f90333357981/tasks","params":{},"query":{},"body":{"title":"Autotest task","order":0,"description":"Lorem ipsum","userId":null,"boardId":null,"columnId":null}},"level":"info"}
{"message":{"method":"PUT","url":"/users/6deae017-5df2-4254-9e86-a1bafb0f7ab9","params":{},"query":{},"body":{"name":"Autotest updated TEST_USER","login":"test_user","password":"T35t_P@55w0rd","id":"6deae017-5df2-4254-9e86-a1bafb0f7ab9"}},"level":"info"}
{"message":{"method":"GET","url":"/users/6deae017-5df2-4254-9e86-a1bafb0f7ab9","params":{},"query":{},"body":{}},"level":"info"}
{"message":{"method":"PUT","url":"/boards/51d0cd01-94e6-4120-805c-f90333357981/tasks/6b3d3456-0e7c-4d06-86e1-77be2e0444f9","params":{},"query":{},"body":{"id":"6b3d3456-0e7c-4d06-86e1-77be2e0444f9","title":"Autotest updated task","order":0,"description":"Lorem ipsum","userId":null,"boardId":"51d0cd01-94e6-4120-805c-f90333357981","columnId":null}},"level":"info"}
{"message":{"method":"POST","url":"/boards","params":{},"query":{},"body":{"title":"Autotest board","columns":[{"title":"Backlog","order":1},{"title":"Sprint","order":2}]}},"level":"info"}
{"message":{"method":"DELETE","url":"/users/6deae017-5df2-4254-9e86-a1bafb0f7ab9","params":{},"query":{},"body":{}},"level":"info"}
{"message":{"method":"DELETE","url":"/boards/32b234f3-cf56-4d10-bc62-f71f3db52c0a","params":{},"query":{},"body":{}},"level":"info"}
{"message":{"method":"GET","url":"/boards/51d0cd01-94e6-4120-805c-f90333357981/tasks/6b3d3456-0e7c-4d06-86e1-77be2e0444f9","params":{},"query":{},"body":{}},"level":"info"}
{"message":{"method":"POST","url":"/users","params":{},"query":{},"body":{"name":"TEST_USER","login":"test_user","password":"T35t_P@55w0rd"}},"level":"info"}
{"message":{"method":"GET","url":"/boards/51d0cd01-94e6-4120-805c-f90333357981/tasks/5ecda536-57fe-4153-9852-60e26b9f4f90","params":{},"query":{},"body":{}},"level":"info"}
{"message":{"method":"DELETE","url":"/users/54a4dbd4-d1e6-41ad-9907-d0654047bc49","params":{},"query":{},"body":{}},"level":"info"}
{"message":{"method":"DELETE","url":"/boards/51d0cd01-94e6-4120-805c-f90333357981/tasks/5ecda536-57fe-4153-9852-60e26b9f4f90","params":{},"query":{},"body":{}},"level":"info"}
{"message":{"method":"GET","url":"/boards/32b234f3-cf56-4d10-bc62-f71f3db52c0a","params":{},"query":{},"body":{}},"level":"info"}
{"message":{"method":"POST","url":"/boards","params":{},"query":{},"body":{"title":"Autotest board","columns":[{"title":"Backlog","order":1},{"title":"Sprint","order":2}]}},"level":"info"}
{"message":{"method":"POST","url":"/users","params":{},"query":{},"body":{"name":"TEST_USER","login":"test_user","password":"T35t_P@55w0rd"}},"level":"info"}
{"message":{"method":"GET","url":"/boards/51d0cd01-94e6-4120-805c-f90333357981/tasks/5ecda536-57fe-4153-9852-60e26b9f4f90","params":{},"query":{},"body":{}},"level":"info"}
{"message":{"method":"POST","url":"/boards/0e18089b-f0c8-4c1f-99a8-ad07bef0287f/tasks","params":{},"query":{},"body":{"title":"Task #1","order":1,"description":"Lorem ipsum","boardId":"0e18089b-f0c8-4c1f-99a8-ad07bef0287f","userId":null,"columnId":null}},"level":"info"}
{"message":{"method":"POST","url":"/boards/0e18089b-f0c8-4c1f-99a8-ad07bef0287f/tasks","params":{},"query":{},"body":{"title":"Task #2","order":2,"description":"Lorem ipsum","boardId":"0e18089b-f0c8-4c1f-99a8-ad07bef0287f","userId":null,"columnId":null}},"level":"info"}
{"message":{"method":"POST","url":"/boards/0e18089b-f0c8-4c1f-99a8-ad07bef0287f/tasks","params":{},"query":{},"body":{"title":"Task #3","order":3,"description":"Lorem ipsum","boardId":"0e18089b-f0c8-4c1f-99a8-ad07bef0287f","userId":null,"columnId":null}},"level":"info"}
{"message":{"method":"POST","url":"/boards/0e18089b-f0c8-4c1f-99a8-ad07bef0287f/tasks","params":{},"query":{},"body":{"title":"Task #4","order":4,"description":"Lorem ipsum","boardId":"0e18089b-f0c8-4c1f-99a8-ad07bef0287f","userId":null,"columnId":null}},"level":"info"}
{"message":{"method":"POST","url":"/boards/0e18089b-f0c8-4c1f-99a8-ad07bef0287f/tasks","params":{},"query":{},"body":{"title":"Task #5","order":5,"description":"Lorem ipsum","boardId":"0e18089b-f0c8-4c1f-99a8-ad07bef0287f","userId":null,"columnId":null}},"level":"info"}
{"message":{"method":"DELETE","url":"/boards/51d0cd01-94e6-4120-805c-f90333357981","params":{},"query":{},"body":{}},"level":"info"}
{"message":{"method":"POST","url":"/boards","params":{},"query":{},"body":{"title":"Autotest board","columns":[{"title":"Backlog","order":1},{"title":"Sprint","order":2}]}},"level":"info"}
{"message":{"method":"GET","url":"/boards/0e18089b-f0c8-4c1f-99a8-ad07bef0287f/tasks/4db2bcc4-a4aa-420a-ad97-7a9172bf84bc","params":{},"query":{},"body":{}},"level":"info"}
{"message":{"method":"GET","url":"/boards/0e18089b-f0c8-4c1f-99a8-ad07bef0287f/tasks/64d4c432-a39a-41f5-af1f-18d1c96de849","params":{},"query":{},"body":{}},"level":"info"}
{"message":{"method":"GET","url":"/boards/0e18089b-f0c8-4c1f-99a8-ad07bef0287f/tasks/2df6d45f-deca-4be9-96b0-e8af571fa71b","params":{},"query":{},"body":{}},"level":"info"}
{"message":{"method":"GET","url":"/boards/0e18089b-f0c8-4c1f-99a8-ad07bef0287f/tasks/8f80ae0a-c707-40ce-9c2f-6286b296490b","params":{},"query":{},"body":{}},"level":"info"}
{"message":{"method":"GET","url":"/boards/0e18089b-f0c8-4c1f-99a8-ad07bef0287f/tasks/9a3a2079-b4c5-4328-bbf0-10ca1c30498a","params":{},"query":{},"body":{}},"level":"info"}
{"message":{"method":"POST","url":"/boards/c3f2f487-1523-406a-85c4-7cc11fb1a681/tasks","params":{},"query":{},"body":{"title":"Task #1","order":1,"description":"Lorem ipsum","userId":"1e6c065a-c241-4902-be89-2aa5a4689fa9","boardId":"c3f2f487-1523-406a-85c4-7cc11fb1a681"}},"level":"info"}
{"message":{"method":"POST","url":"/boards/c3f2f487-1523-406a-85c4-7cc11fb1a681/tasks","params":{},"query":{},"body":{"title":"Task #2","order":2,"description":"Lorem ipsum","userId":"1e6c065a-c241-4902-be89-2aa5a4689fa9","boardId":"c3f2f487-1523-406a-85c4-7cc11fb1a681"}},"level":"info"}
{"message":{"method":"DELETE","url":"/boards/0e18089b-f0c8-4c1f-99a8-ad07bef0287f","params":{},"query":{},"body":{}},"level":"info"}
{"message":{"method":"DELETE","url":"/users/1e6c065a-c241-4902-be89-2aa5a4689fa9","params":{},"query":{},"body":{}},"level":"info"}
{"message":{"method":"GET","url":"/boards/0e18089b-f0c8-4c1f-99a8-ad07bef0287f/tasks/4db2bcc4-a4aa-420a-ad97-7a9172bf84bc","params":{},"query":{},"body":{}},"level":"info"}
{"message":{"method":"GET","url":"/boards/0e18089b-f0c8-4c1f-99a8-ad07bef0287f/tasks/64d4c432-a39a-41f5-af1f-18d1c96de849","params":{},"query":{},"body":{}},"level":"info"}
{"message":{"method":"GET","url":"/boards/0e18089b-f0c8-4c1f-99a8-ad07bef0287f/tasks/2df6d45f-deca-4be9-96b0-e8af571fa71b","params":{},"query":{},"body":{}},"level":"info"}
{"message":{"method":"GET","url":"/boards/0e18089b-f0c8-4c1f-99a8-ad07bef0287f/tasks/8f80ae0a-c707-40ce-9c2f-6286b296490b","params":{},"query":{},"body":{}},"level":"info"}
{"message":{"method":"GET","url":"/boards/0e18089b-f0c8-4c1f-99a8-ad07bef0287f/tasks/9a3a2079-b4c5-4328-bbf0-10ca1c30498a","params":{},"query":{},"body":{}},"level":"info"}
{"message":{"method":"GET","url":"/boards/c3f2f487-1523-406a-85c4-7cc11fb1a681/tasks/64bec809-efe5-40f1-95ec-7d748339ebe7","params":{},"query":{},"body":{}},"level":"info"}
{"message":{"method":"DELETE","url":"/boards/42ee32a2-2169-4d30-85a7-6a666abc5e06","params":{},"query":{},"body":{}},"level":"info"}
{"message":{"method":"GET","url":"/boards/c3f2f487-1523-406a-85c4-7cc11fb1a681/tasks/a36d28d2-445a-42a4-8aef-fb0e28292846","params":{},"query":{},"body":{}},"level":"info"}
{"message":{"method":"DELETE","url":"/boards/c3f2f487-1523-406a-85c4-7cc11fb1a681/tasks/64bec809-efe5-40f1-95ec-7d748339ebe7","params":{},"query":{},"body":{}},"level":"info"}
{"message":{"method":"DELETE","url":"/boards/c3f2f487-1523-406a-85c4-7cc11fb1a681/tasks/a36d28d2-445a-42a4-8aef-fb0e28292846","params":{},"query":{},"body":{}},"level":"info"}
{"message":{"method":"DELETE","url":"/boards/c3f2f487-1523-406a-85c4-7cc11fb1a681","params":{},"query":{},"body":{}},"level":"info"}
